    1  00  40      in 0
    2  01  18  31  stor a,S
    3  03  41      in 1
    4  04  18  32  stor a,T
    5  06  42      in 2
    6  07  18  33  stor a,A
    7  09  43      in 3
    8  0a  18  34  stor a,B
   10  0c  10  31  load a,S
   11  0e  c0  35  call hyper
   12  10  20      push a
   13  11  10  32  load a,T
   14  13  c0  35  call hyper
   15  15  20      push a
   16  16  10  31  load a,S
   17  18  70  32  sbm a,T
   18  1a  c0  35  call hyper
   19  1c  0a      mov b,a
   20  1d  81      mur a,b        
   21  1e  21      push b
   22  1f  30  01  mvi a,1
   23  21  c0  35  call hyper
   24  23  20      push a
   25  24  0a      mov b,a
   26  25  81      mur a,b        
   27  26  8c  81  mum a,1(sp)
   28  28  28      pop a
   29  29  28      pop a
   30  2a  69      sbr a,b
   31  2b  29      pop b
   32  2c  69      sbr a,b
   33  2d  29      pop b
   34  2e  51      adr a,b        
   35  2f  4c      out 4
   37  30  f8      stop
   39  31  00      S: .ds 1
   40  32  00      T: .ds 1
   41  33  00      A: .ds 1
   42  34  00      B: .ds 1
   44  35  21      hyper: push b
   45  36  20      push a
   47  37  11  34  load b,B
   48  39  8c  81  mum a,1(sp)
   49  3b  21      push b
   50  3c  15  82  load b,2(sp)
   51  3e  8c  82  mum a,2(sp)
   52  40  88  33  mum a,A
   53  42  09      mov a,b
   54  43  74  81  sbm a,1(sp)
   55  45  60  10  adi a,10
   56  47  29      pop b
   57  48  29      pop b
   59  49  29      pop b
   60  4a  c8      ret

    ***** Таблица перекрестных ссылок *****
  имя     определение     ссылки

 T        32              19  12  5                                            
 S        31              17  d   2                                            
 HYPER    35              22  1b  14  f                                        
 B        34              38  b                                                
 A        33              41  8                                                

  **** Не обнаружено ошибок. Успешное завершение ****

