    1  00  40      in 0        ; ╨Т╨▓╨╛╨┤ A
    2  01  38      xchg
    3  02  41      in 1        ; ╨Т╨▓╨╛╨┤ B
    4  03  52      adr b,a        ; A + B (in rB)
    5  04  42      in 2        ; ╨Т╨▓╨╛╨┤ C
    6  05  6a      sbr b,a        ; A + B - C
    7  06  81      mur a,b ; (A + B - C)^2
    8  07  21      push b        ; (A + B - C)^2 -> sp
    9  08  43      in 3        ; ╨Т╨▓╨╛╨┤ D
   10  09  38      xchg
   11  0a  90  01  mui a,1
   12  0c  8c  81  mum a,1(sp)        ; (A + B - C)^2 * D
   13  0e  38      xchg
   14  0f  4c      out 4
   15  10  29      pop b
   17  11  f8      stop
   19  12  00      ; Y=(a+b-c)^2*d

    ***** Таблица перекрестных ссылок *****
  имя     определение     ссылки


  **** Не обнаружено ошибок. Успешное завершение ****

